#
# A fatal error has been detected by the Java Runtime Environment:
#
#  EXCEPTION_ACCESS_VIOLATION (0xc0000005) at pc=0x000000006da4934b, pid=3796, tid=7028
#
# JRE version: 6.0_21-b07
# Java VM: Java HotSpot(TM) 64-Bit Server VM (17.0-b17 mixed mode windows-amd64 )
# Problematic frame:
# V  [jvm.dll+0x25934b]
#
# If you would like to submit a bug report, please visit:
#   http://java.sun.com/webapps/bugreport/crash.jsp
#

---------------  T H R E A D  ---------------

Current thread (0x00000000488b2800):  JavaThread "JDWP Transport Listener: dt_socket" daemon [_thread_in_vm, id=7028, stack(0x0000000049220000,0x0000000049320000)]

siginfo: ExceptionCode=0xc0000005, reading address 0xffffffffffffffff

Registers:
EAX=0x000000004931f701, EBX=0x00000000488b2800, ECX=0x7370003b6d616572, EDX=0x00000000488b2800
ESP=0x000000004931f760, EBP=0x7370003b6d616572, ESI=0x000000004931f840, EDI=0x0000000000208550
EIP=0x000000006da4934b, EFLAGS=0x0000000000010206

Top of Stack: (sp=0x000000004931f760)
0x000000004931f760:   0000000000000043 0000000049abedf0
0x000000004931f770:   000000004931f970 000000006da7e835
0x000000004931f780:   00000000488b2800 000000006da9d4fa
0x000000004931f790:   0000000000000043 0000000049abedf0
0x000000004931f7a0:   00000000488b2800 0000000000208550
0x000000004931f7b0:   00000000488b2800 0000000000000000
0x000000004931f7c0:   0000000000000000 0000000000000000
0x000000004931f7d0:   0000000000000001 000000006d43ff6e
0x000000004931f7e0:   000000004931f840 0000000049adb890
0x000000004931f7f0:   0000000000000001 7370003b6d616572
0x000000004931f800:   0000000000000001 7370003b6d616572
0x000000004931f810:   000000004931f970 000000006d424f64
0x000000004931f820:   000000004931f970 58dfb24902000000
0x000000004931f830:   00000000488a7f00 0000000049abedf0
0x000000004931f840:   000000024931f900 0000000000000000
0x000000004931f850:   0000000000000000 0000000000000000 

Instructions: (pc=0x000000006da4934b)
0x000000006da4933b:   cc cc cc cc cc 48 53 48 83 ec 20 48 85 c9 74 55
0x000000006da4934b:   48 8b 19 48 85 db 74 4d 48 b8 fe fe fe fe fe fe 


Stack: [0x0000000049220000,0x0000000049320000],  sp=0x000000004931f760,  free space=3fd0000000000000000k
Native frames: (J=compiled Java code, j=interpreted, Vv=VM code, C=native code)
V  [jvm.dll+0x25934b]


---------------  P R O C E S S  ---------------

Java Threads: ( => current thread )
  0x0000000049bb6800 JavaThread "RMI TCP Connection(idle)" daemon [_thread_blocked, id=5580, stack(0x000000004a4c0000,0x000000004a5c0000)]
  0x0000000049bb5000 JavaThread "RMI TCP Connection(idle)" daemon [_thread_blocked, id=8356, stack(0x000000004a2c0000,0x000000004a3c0000)]
  0x0000000049bb6000 JavaThread "AWT-Windows" daemon [_thread_in_native, id=3488, stack(0x000000004a8c0000,0x000000004a9c0000)]
  0x0000000049bb4800 JavaThread "Java2D Disposer" daemon [_thread_blocked, id=6176, stack(0x000000004a3c0000,0x000000004a4c0000)]
  0x0000000049c03000 JavaThread "MLC Connection Listener PROXY_REMOTE_709b9ef0-21a4-444a-9c56-3e6584f0845f" daemon [_thread_blocked, id=8280, stack(0x000000004a7c0000,0x000000004a8c0000)]
  0x0000000049bd3800 JavaThread "RMI RenewClean-[192.168.0.2:54243,MLC localhost Socket Factory]" daemon [_thread_blocked, id=7684, stack(0x000000004a6c0000,0x000000004a7c0000)]
  0x0000000049ac2000 JavaThread "RMI Scheduler(0)" daemon [_thread_blocked, id=9136, stack(0x000000004a0c0000,0x000000004a1c0000)]
  0x0000000049b2d000 JavaThread "GC Daemon" daemon [_thread_blocked, id=4476, stack(0x0000000049fc0000,0x000000004a0c0000)]
  0x0000000048a49000 JavaThread "RMI Reaper" [_thread_blocked, id=8732, stack(0x0000000049ec0000,0x0000000049fc0000)]
  0x0000000048a48000 JavaThread "RMI TCP Accept-0" daemon [_thread_in_native, id=7700, stack(0x0000000049dc0000,0x0000000049ec0000)]
  0x00000000488d8800 JavaThread "Low Memory Detector" daemon [_thread_blocked, id=8212, stack(0x00000000497c0000,0x00000000498c0000)]
  0x00000000488d2000 JavaThread "CompilerThread1" daemon [_thread_blocked, id=8756, stack(0x00000000496c0000,0x00000000497c0000)]
  0x00000000488ce000 JavaThread "CompilerThread0" daemon [_thread_blocked, id=7220, stack(0x00000000495c0000,0x00000000496c0000)]
  0x00000000488b6800 JavaThread "JDWP Command Reader" daemon [_thread_in_native, id=4536, stack(0x00000000494c0000,0x00000000495c0000)]
  0x00000000488b5800 JavaThread "JDWP Event Helper Thread" daemon [_thread_blocked, id=7944, stack(0x00000000493c0000,0x00000000494c0000)]
=>0x00000000488b2800 JavaThread "JDWP Transport Listener: dt_socket" daemon [_thread_in_vm, id=7028, stack(0x0000000049220000,0x0000000049320000)]
  0x00000000488a1800 JavaThread "Attach Listener" daemon [_thread_blocked, id=8984, stack(0x0000000048b50000,0x0000000048c50000)]
  0x000000004889c800 JavaThread "Signal Dispatcher" daemon [_thread_blocked, id=7116, stack(0x0000000048a50000,0x0000000048b50000)]
  0x0000000000528000 JavaThread "Finalizer" daemon [_thread_blocked, id=1512, stack(0x0000000048750000,0x0000000048850000)]
  0x0000000000521800 JavaThread "Reference Handler" daemon [_thread_blocked, id=8396, stack(0x0000000048650000,0x0000000048750000)]
  0x000000000020c000 JavaThread "main" [_thread_blocked, id=7172, stack(0x00000000024d0000,0x00000000025d0000)]

Other Threads:
  0x000000000051d800 VMThread [stack: 0x0000000048550000,0x0000000048650000] [id=2924]
  0x00000000488e7800 WatcherThread [stack: 0x00000000498c0000,0x00000000499c0000] [id=8320]

VM state:not at safepoint (normal execution)

VM Mutex/Monitor currently owned by a thread: None

Heap
 PSYoungGen      total 204480K, used 174198K [0x00000000333f0000, 0x0000000043170000, 0x0000000047890000)
  eden space 199168K, 84% used [0x00000000333f0000,0x000000003d8e1b30,0x000000003f670000)
  from space 5312K, 99% used [0x0000000042c40000,0x000000004316c018,0x0000000043170000)
  to   space 7424K, 0% used [0x00000000422f0000,0x00000000422f0000,0x0000000042a30000)
 PSOldGen        total 41600K, used 7903K [0x000000000aa90000, 0x000000000d330000, 0x00000000333f0000)
  object space 41600K, 18% used [0x000000000aa90000,0x000000000b247d10,0x000000000d330000)
 PSPermGen       total 21248K, used 10874K [0x0000000005690000, 0x0000000006b50000, 0x000000000aa90000)
  object space 21248K, 51% used [0x0000000005690000,0x000000000612eb88,0x0000000006b50000)

Dynamic libraries:
0x0000000000400000 - 0x000000000042e000 	C:\Program Files\Java\jre6\bin\javaw.exe
0x0000000077020000 - 0x00000000771c9000 	C:\Windows\SYSTEM32\ntdll.dll
0x0000000076f00000 - 0x000000007701f000 	C:\Windows\system32\kernel32.dll
0x000007fefceb0000 - 0x000007fefcf1b000 	C:\Windows\system32\KERNELBASE.dll
0x000007fefd7c0000 - 0x000007fefd89b000 	C:\Windows\system32\ADVAPI32.dll
0x000007fefd720000 - 0x000007fefd7bf000 	C:\Windows\system32\msvcrt.dll
0x000007feff310000 - 0x000007feff32f000 	C:\Windows\SYSTEM32\sechost.dll
0x000007fefdd40000 - 0x000007fefde6d000 	C:\Windows\system32\RPCRT4.dll
0x0000000076e00000 - 0x0000000076efa000 	C:\Windows\system32\USER32.dll
0x000007fefd5a0000 - 0x000007fefd607000 	C:\Windows\system32\GDI32.dll
0x000007fefdcb0000 - 0x000007fefdcbe000 	C:\Windows\system32\LPK.dll
0x000007feff1e0000 - 0x000007feff2a9000 	C:\Windows\system32\USP10.dll
0x000007feff1b0000 - 0x000007feff1de000 	C:\Windows\system32\IMM32.DLL
0x000007fefd610000 - 0x000007fefd719000 	C:\Windows\system32\MSCTF.dll
0x000000006d7f0000 - 0x000000006dec1000 	C:\Program Files\Java\jre6\bin\server\jvm.dll
0x000007fefa6e0000 - 0x000007fefa71b000 	C:\Windows\system32\WINMM.dll
0x000000006d760000 - 0x000000006d76e000 	C:\Program Files\Java\jre6\bin\verify.dll
0x000000006d3b0000 - 0x000000006d3d7000 	C:\Program Files\Java\jre6\bin\java.dll
0x000000006d310000 - 0x000000006d31a000 	C:\Program Files\Java\jre6\bin\hpi.dll
0x00000000771f0000 - 0x00000000771f7000 	C:\Windows\system32\PSAPI.DLL
0x000000006d420000 - 0x000000006d454000 	C:\Program Files\Java\jre6\bin\jdwp.dll
0x000000006d630000 - 0x000000006d638000 	C:\Program Files\Java\jre6\bin\npt.dll
0x000000006d7b0000 - 0x000000006d7c2000 	C:\Program Files\Java\jre6\bin\zip.dll
0x000000006d270000 - 0x000000006d279000 	C:\Program Files\Java\jre6\bin\dt_socket.dll
0x000007fefd550000 - 0x000007fefd59d000 	C:\Windows\system32\WS2_32.dll
0x000007fefd230000 - 0x000007fefd238000 	C:\Windows\system32\NSI.dll
0x000007fefb800000 - 0x000007fefb815000 	C:\Windows\system32\NLAapi.dll
0x000007fef8320000 - 0x000007fef8335000 	C:\Windows\system32\napinsp.dll
0x000007fef8130000 - 0x000007fef8149000 	C:\Windows\system32\pnrpnsp.dll
0x000007fefc670000 - 0x000007fefc6c5000 	C:\Windows\System32\mswsock.dll
0x000007fefc4f0000 - 0x000007fefc54b000 	C:\Windows\system32\DNSAPI.dll
0x000007fef8310000 - 0x000007fef831b000 	C:\Windows\System32\winrnr.dll
0x000007fefb2f0000 - 0x000007fefb317000 	C:\Windows\system32\IPHLPAPI.DLL
0x000007fefb2e0000 - 0x000007fefb2eb000 	C:\Windows\system32\WINNSI.DLL
0x000007fefaf60000 - 0x000007fefafb3000 	C:\Windows\System32\fwpuclnt.dll
0x000007fef9410000 - 0x000007fef9418000 	C:\Windows\system32\rasadhlp.dll
0x000007fefc030000 - 0x000007fefc037000 	C:\Windows\System32\wshtcpip.dll
0x000007fefc6d0000 - 0x000007fefc6e7000 	C:\Windows\system32\CRYPTSP.dll
0x000007fefc3d0000 - 0x000007fefc417000 	C:\Windows\system32\rsaenh.dll
0x000007fefc150000 - 0x000007fefc16e000 	C:\Windows\system32\USERENV.dll
0x000007fefce00000 - 0x000007fefce0f000 	C:\Windows\system32\profapi.dll
0x000007fefcd30000 - 0x000007fefcd3f000 	C:\Windows\system32\CRYPTBASE.dll
0x000000006d600000 - 0x000000006d617000 	C:\Program Files\Java\jre6\bin\net.dll
0x000007fefc660000 - 0x000007fefc667000 	C:\Windows\System32\wship6.dll
0x000000006d6a0000 - 0x000000006d6a6000 	C:\Program Files\Java\jre6\bin\rmi.dll
0x000007fefccd0000 - 0x000007fefcd27000 	C:\Windows\system32\apphelp.dll
0x000000006d620000 - 0x000000006d62b000 	C:\Program Files\Java\jre6\bin\nio.dll
0x000000006d000000 - 0x000000006d1c3000 	C:\Program Files\Java\jre6\bin\awt.dll
0x000007fef6530000 - 0x000007fef65a1000 	C:\Windows\system32\WINSPOOL.DRV
0x000007fefd8a0000 - 0x000007fefdaa3000 	C:\Windows\system32\ole32.dll
0x000007fefdf10000 - 0x000007fefec98000 	C:\Windows\system32\SHELL32.dll
0x000007fefdcc0000 - 0x000007fefdd31000 	C:\Windows\system32\SHLWAPI.dll
0x000007fefb370000 - 0x000007fefb564000 	C:\Windows\WinSxS\amd64_microsoft.windows.common-controls_6595b64144ccf1df_6.0.7601.17514_none_fa396087175ac9ac\COMCTL32.dll
0x000007fefa630000 - 0x000007fefa648000 	C:\Windows\system32\DWMAPI.DLL
0x000007fefaa90000 - 0x000007fefaae6000 	C:\Windows\system32\uxtheme.dll
0x000000006d2a0000 - 0x000000006d30b000 	C:\Program Files\Java\jre6\bin\fontmanager.dll
0x000007fef8120000 - 0x000007fef8128000 	c:\PROGRA~2\mcafee\SITEAD~1\x64\saHook.dll
0x000007fefed40000 - 0x000007fefee17000 	C:\Windows\system32\OLEAUT32.dll

VM Arguments:
jvm_args: -agentlib:jdwp=transport=dt_socket,suspend=y,address=localhost:54237 -Dfile.encoding=Cp1252 
java_command: com.asu.mwdb.phase2Main.DriverMain
Launcher Type: SUN_STANDARD

Environment Variables:
JAVA_HOME=C:\Program Files\Java\jdk1.6.0_21
JRE_HOME=C:\Program Files\Java\jre6
PATH=C:\Python27\Lib\site-packages\PyQt4;C:\Windows\system32;C:\Windows;C:\Windows\System32\Wbem;C:\Windows\System32\WindowsPowerShell\v1.0\;C:\Program Files\MySQL\MySQL Server 5.1\bin;C:\Program Files\Dell\DW WLAN Card;C:\Python27;C:\Python27\DLLs;C:\Python27\Scripts;C:\Python27\Lib\site-packages\vtk;C:\Python27\gnuplot\binary;C:\Program Files (x86)\pythonxy\SciTE-3.3.2-3;C:\Program Files (x86)\pythonxy\console;C:\Program Files (x86)\Git\cmd;E:\Program Files\MATLAB\R2011b\runtime\win64;E:\Program Files\MATLAB\R2011b\bin;C:\Program Files\nodejs\;C:\Program Files (x86)\Heroku\bin;C:\Program Files (x86)\git\cmd;C:\Program Files (x86)\Java\jdk1.6.0\bin;E:\PythonSetUp\;C:\Program Files\Java\jdk1.6.0_21\bin\;C:\Users\paddy\AppData\Roaming\npm;C:\Program Files\nodejs;E:\Android\adt-bundle-windows-x86_64-20131030\adt-bundle-windows-x86_64-20131030\sdk\tools
USERNAME=paddy
OS=Windows_NT
PROCESSOR_IDENTIFIER=Intel64 Family 6 Model 37 Stepping 5, GenuineIntel



---------------  S Y S T E M  ---------------

OS: Windows 7 Build 7601 Service Pack 1

CPU:total 4 (8 cores per cpu, 2 threads per core) family 6 model 37 stepping 5, cmov, cx8, fxsr, mmx, sse, sse2, sse3, ssse3, sse4.1, sse4.2, popcnt, ht

Memory: 4k page, physical 3988028k(797444k free), swap 7974192k(2457360k free)

vm_info: Java HotSpot(TM) 64-Bit Server VM (17.0-b17) for windows-amd64 JRE (1.6.0_21-b07), built on Jul 17 2010 01:05:36 by "java_re" with MS VC++ 8.0 (VS2005)

time: Sat Nov 23 02:56:29 2013
elapsed time: 366 seconds

