#
# A fatal error has been detected by the Java Runtime Environment:
#
#  EXCEPTION_ACCESS_VIOLATION (0xc0000005) at pc=0x000000006da4934b, pid=3928, tid=3972
#
# JRE version: 6.0_21-b07
# Java VM: Java HotSpot(TM) 64-Bit Server VM (17.0-b17 mixed mode windows-amd64 )
# Problematic frame:
# V  [jvm.dll+0x25934b]
#
# If you would like to submit a bug report, please visit:
#   http://java.sun.com/webapps/bugreport/crash.jsp
#

---------------  T H R E A D  ---------------

Current thread (0x00000000487a3000):  JavaThread "JDWP Transport Listener: dt_socket" daemon [_thread_in_vm, id=3972, stack(0x0000000048f50000,0x0000000049050000)]

siginfo: ExceptionCode=0xc0000005, reading address 0xffffffffffffffff

Registers:
EAX=0x000000004904f901, EBX=0x00000000487a3000, ECX=0x003b7463656a003b, EDX=0x00000000487a3000
ESP=0x000000004904f960, EBP=0x003b7463656a003b, ESI=0x000000004904fa40, EDI=0x0000000000558550
EIP=0x000000006da4934b, EFLAGS=0x0000000000010202

Top of Stack: (sp=0x000000004904f960)
0x000000004904f960:   0000000000000000 000000006d4454d3
0x000000004904f970:   000000004904fb70 000000006da7e835
0x000000004904f980:   00000000487a3000 000000006da9d4fa
0x000000004904f990:   0000000000000000 000000006d4454d3
0x000000004904f9a0:   00000000487a3000 0000000000558550
0x000000004904f9b0:   00000000487a3000 0000000000000000
0x000000004904f9c0:   0000000000000000 0000000000000000
0x000000004904f9d0:   0000000000000001 000000006d43ff6e
0x000000004904f9e0:   000000004904fa40 0000000049a528c0
0x000000004904f9f0:   0000000000000001 003b7463656a003b
0x000000004904fa00:   0000000000000001 003b7463656a003b
0x000000004904fa10:   000000004904fb70 000000006d424f64
0x000000004904fa20:   000000004904fb70 282e894909000000
0x000000004904fa30:   000000004ab3e200 0000000000000000
0x000000004904fa40:   000000094904fb00 0000000000000000
0x000000004904fa50:   0000000000000000 0000000000000000 

Instructions: (pc=0x000000006da4934b)
0x000000006da4933b:   cc cc cc cc cc 48 53 48 83 ec 20 48 85 c9 74 55
0x000000006da4934b:   48 8b 19 48 85 db 74 4d 48 b8 fe fe fe fe fe fe 


Stack: [0x0000000048f50000,0x0000000049050000],  sp=0x000000004904f960,  free space=3fe0000000000000000k
Native frames: (J=compiled Java code, j=interpreted, Vv=VM code, C=native code)
V  [jvm.dll+0x25934b]


---------------  P R O C E S S  ---------------

Java Threads: ( => current thread )
  0x0000000049943800 JavaThread "RMI TCP Connection(idle)" daemon [_thread_blocked, id=8460, stack(0x000000004a040000,0x000000004a140000)]
  0x0000000049945800 JavaThread "AWT-Windows" daemon [_thread_in_native, id=8500, stack(0x000000004c4b0000,0x000000004c5b0000)]
  0x0000000049944000 JavaThread "Java2D Disposer" daemon [_thread_blocked, id=5724, stack(0x000000004c2b0000,0x000000004c3b0000)]
  0x00000000499fb000 JavaThread "MLC Connection Listener PROXY_REMOTE_ce4325a7-0529-418a-85f5-bb41d3c2035d" daemon [_thread_blocked, id=184, stack(0x000000004a640000,0x000000004a740000)]
  0x0000000049a8a800 JavaThread "RMI RenewClean-[192.168.0.2:54008,MLC localhost Socket Factory]" daemon [_thread_blocked, id=3328, stack(0x000000004a440000,0x000000004a540000)]
  0x000000004998a800 JavaThread "RMI Scheduler(0)" daemon [_thread_blocked, id=5452, stack(0x000000004a340000,0x000000004a440000)]
  0x0000000049a24000 JavaThread "RMI RenewClean-[192.168.0.2:54001,MLC localhost Socket Factory]" daemon [_thread_blocked, id=5900, stack(0x000000004a240000,0x000000004a340000)]
  0x0000000049a11000 JavaThread "RMI TCP Connection(2)-127.0.0.1" daemon [_thread_in_native, id=6340, stack(0x000000004a140000,0x000000004a240000)]
  0x0000000049a02800 JavaThread "GC Daemon" daemon [_thread_blocked, id=4416, stack(0x0000000049f40000,0x000000004a040000)]
  0x0000000049a01800 JavaThread "RMI Reaper" [_thread_blocked, id=4072, stack(0x0000000049e40000,0x0000000049f40000)]
  0x00000000499fe800 JavaThread "RMI TCP Accept-0" daemon [_thread_in_native, id=8560, stack(0x0000000049d40000,0x0000000049e40000)]
  0x000000004893b800 JavaThread "RMI TCP Accept-2100" daemon [_thread_in_native, id=1048, stack(0x0000000049c40000,0x0000000049d40000)]
  0x00000000487c8800 JavaThread "Low Memory Detector" daemon [_thread_blocked, id=3088, stack(0x0000000049640000,0x0000000049740000)]
  0x00000000487c3000 JavaThread "CompilerThread1" daemon [_thread_blocked, id=6612, stack(0x0000000049540000,0x0000000049640000)]
  0x00000000487bb800 JavaThread "CompilerThread0" daemon [_thread_blocked, id=4504, stack(0x0000000049440000,0x0000000049540000)]
  0x00000000487a7800 JavaThread "JDWP Command Reader" daemon [_thread_in_native, id=5828, stack(0x0000000049340000,0x0000000049440000)]
  0x00000000487a6800 JavaThread "JDWP Event Helper Thread" daemon [_thread_blocked, id=4100, stack(0x0000000049170000,0x0000000049270000)]
=>0x00000000487a3000 JavaThread "JDWP Transport Listener: dt_socket" daemon [_thread_in_vm, id=3972, stack(0x0000000048f50000,0x0000000049050000)]
  0x0000000048793000 JavaThread "Attach Listener" daemon [_thread_blocked, id=4480, stack(0x0000000048a40000,0x0000000048b40000)]
  0x000000004878d800 JavaThread "Signal Dispatcher" daemon [_thread_blocked, id=8008, stack(0x0000000048940000,0x0000000048a40000)]
  0x00000000003e3000 JavaThread "Finalizer" daemon [_thread_blocked, id=7864, stack(0x0000000048640000,0x0000000048740000)]
  0x00000000003e1800 JavaThread "Reference Handler" daemon [_thread_blocked, id=3228, stack(0x0000000048540000,0x0000000048640000)]
  0x000000000055c000 JavaThread "main" [_thread_blocked, id=1404, stack(0x0000000001c80000,0x0000000001d80000)]

Other Threads:
  0x00000000003dd800 VMThread [stack: 0x0000000048440000,0x0000000048540000] [id=3944]
  0x00000000487db000 WatcherThread [stack: 0x0000000049740000,0x0000000049840000] [id=7824]

VM state:not at safepoint (normal execution)

VM Mutex/Monitor currently owned by a thread: None

Heap
 PSYoungGen      total 41216K, used 7523K [0x00000000332b0000, 0x00000000363b0000, 0x0000000047750000)
  eden space 40704K, 17% used [0x00000000332b0000,0x0000000033992928,0x0000000035a70000)
  from space 512K, 92% used [0x0000000035bf0000,0x0000000035c66470,0x0000000035c70000)
  to   space 4736K, 0% used [0x0000000035f10000,0x0000000035f10000,0x00000000363b0000)
 PSOldGen        total 41600K, used 18575K [0x000000000a950000, 0x000000000d1f0000, 0x00000000332b0000)
  object space 41600K, 44% used [0x000000000a950000,0x000000000bb73cd8,0x000000000d1f0000)
 PSPermGen       total 21248K, used 11131K [0x0000000005550000, 0x0000000006a10000, 0x000000000a950000)
  object space 21248K, 52% used [0x0000000005550000,0x000000000602ece0,0x0000000006a10000)

Dynamic libraries:
0x0000000000400000 - 0x000000000042e000 	C:\Program Files\Java\jre6\bin\javaw.exe
0x0000000077020000 - 0x00000000771c9000 	C:\Windows\SYSTEM32\ntdll.dll
0x0000000076f00000 - 0x000000007701f000 	C:\Windows\system32\kernel32.dll
0x000007fefceb0000 - 0x000007fefcf1b000 	C:\Windows\system32\KERNELBASE.dll
0x000007fefd7c0000 - 0x000007fefd89b000 	C:\Windows\system32\ADVAPI32.dll
0x000007fefd720000 - 0x000007fefd7bf000 	C:\Windows\system32\msvcrt.dll
0x000007feff310000 - 0x000007feff32f000 	C:\Windows\SYSTEM32\sechost.dll
0x000007fefdd40000 - 0x000007fefde6d000 	C:\Windows\system32\RPCRT4.dll
0x0000000076e00000 - 0x0000000076efa000 	C:\Windows\system32\USER32.dll
0x000007fefd5a0000 - 0x000007fefd607000 	C:\Windows\system32\GDI32.dll
0x000007fefdcb0000 - 0x000007fefdcbe000 	C:\Windows\system32\LPK.dll
0x000007feff1e0000 - 0x000007feff2a9000 	C:\Windows\system32\USP10.dll
0x000007feff1b0000 - 0x000007feff1de000 	C:\Windows\system32\IMM32.DLL
0x000007fefd610000 - 0x000007fefd719000 	C:\Windows\system32\MSCTF.dll
0x000000006d7f0000 - 0x000000006dec1000 	C:\Program Files\Java\jre6\bin\server\jvm.dll
0x000007fefa6e0000 - 0x000007fefa71b000 	C:\Windows\system32\WINMM.dll
0x000000006d760000 - 0x000000006d76e000 	C:\Program Files\Java\jre6\bin\verify.dll
0x000000006d3b0000 - 0x000000006d3d7000 	C:\Program Files\Java\jre6\bin\java.dll
0x000000006d310000 - 0x000000006d31a000 	C:\Program Files\Java\jre6\bin\hpi.dll
0x00000000771f0000 - 0x00000000771f7000 	C:\Windows\system32\PSAPI.DLL
0x000000006d420000 - 0x000000006d454000 	C:\Program Files\Java\jre6\bin\jdwp.dll
0x000000006d630000 - 0x000000006d638000 	C:\Program Files\Java\jre6\bin\npt.dll
0x000000006d7b0000 - 0x000000006d7c2000 	C:\Program Files\Java\jre6\bin\zip.dll
0x000000006d270000 - 0x000000006d279000 	C:\Program Files\Java\jre6\bin\dt_socket.dll
0x000007fefd550000 - 0x000007fefd59d000 	C:\Windows\system32\WS2_32.dll
0x000007fefd230000 - 0x000007fefd238000 	C:\Windows\system32\NSI.dll
0x000007fefb800000 - 0x000007fefb815000 	C:\Windows\system32\NLAapi.dll
0x000007fef8320000 - 0x000007fef8335000 	C:\Windows\system32\napinsp.dll
0x000007fef8130000 - 0x000007fef8149000 	C:\Windows\system32\pnrpnsp.dll
0x000007fefc670000 - 0x000007fefc6c5000 	C:\Windows\System32\mswsock.dll
0x000007fefc4f0000 - 0x000007fefc54b000 	C:\Windows\system32\DNSAPI.dll
0x000007fef8310000 - 0x000007fef831b000 	C:\Windows\System32\winrnr.dll
0x000007fefb2f0000 - 0x000007fefb317000 	C:\Windows\system32\IPHLPAPI.DLL
0x000007fefb2e0000 - 0x000007fefb2eb000 	C:\Windows\system32\WINNSI.DLL
0x000007fefaf60000 - 0x000007fefafb3000 	C:\Windows\System32\fwpuclnt.dll
0x000007fef9410000 - 0x000007fef9418000 	C:\Windows\system32\rasadhlp.dll
0x000007fefc030000 - 0x000007fefc037000 	C:\Windows\System32\wshtcpip.dll
0x000007fefc6d0000 - 0x000007fefc6e7000 	C:\Windows\system32\CRYPTSP.dll
0x000007fefc3d0000 - 0x000007fefc417000 	C:\Windows\system32\rsaenh.dll
0x000007fefc150000 - 0x000007fefc16e000 	C:\Windows\system32\USERENV.dll
0x000007fefce00000 - 0x000007fefce0f000 	C:\Windows\system32\profapi.dll
0x000007fefcd30000 - 0x000007fefcd3f000 	C:\Windows\system32\CRYPTBASE.dll
0x000000006d600000 - 0x000000006d617000 	C:\Program Files\Java\jre6\bin\net.dll
0x000007fefc660000 - 0x000007fefc667000 	C:\Windows\System32\wship6.dll
0x000007fefccd0000 - 0x000007fefcd27000 	C:\Windows\system32\apphelp.dll
0x000000006d6a0000 - 0x000000006d6a6000 	C:\Program Files\Java\jre6\bin\rmi.dll
0x000000006d620000 - 0x000000006d62b000 	C:\Program Files\Java\jre6\bin\nio.dll
0x000000006d000000 - 0x000000006d1c3000 	C:\Program Files\Java\jre6\bin\awt.dll
0x000007fef6530000 - 0x000007fef65a1000 	C:\Windows\system32\WINSPOOL.DRV
0x000007fefd8a0000 - 0x000007fefdaa3000 	C:\Windows\system32\ole32.dll
0x000007fefdf10000 - 0x000007fefec98000 	C:\Windows\system32\SHELL32.dll
0x000007fefdcc0000 - 0x000007fefdd31000 	C:\Windows\system32\SHLWAPI.dll
0x000007fefb370000 - 0x000007fefb564000 	C:\Windows\WinSxS\amd64_microsoft.windows.common-controls_6595b64144ccf1df_6.0.7601.17514_none_fa396087175ac9ac\COMCTL32.dll
0x000007fefa630000 - 0x000007fefa648000 	C:\Windows\system32\DWMAPI.DLL
0x000007fefaa90000 - 0x000007fefaae6000 	C:\Windows\system32\uxtheme.dll
0x000000006d2a0000 - 0x000000006d30b000 	C:\Program Files\Java\jre6\bin\fontmanager.dll
0x000007fef8120000 - 0x000007fef8128000 	c:\PROGRA~2\mcafee\SITEAD~1\x64\saHook.dll
0x000007fefed40000 - 0x000007fefee17000 	C:\Windows\system32\OLEAUT32.dll

VM Arguments:
jvm_args: -agentlib:jdwp=transport=dt_socket,suspend=y,address=localhost:53998 -Dfile.encoding=Cp1252 
java_command: com.asu.mwdb.phase2Main.DriverMain
Launcher Type: SUN_STANDARD

Environment Variables:
JAVA_HOME=C:\Program Files\Java\jdk1.6.0_21
JRE_HOME=C:\Program Files\Java\jre6
PATH=C:\Python27\Lib\site-packages\PyQt4;C:\Windows\system32;C:\Windows;C:\Windows\System32\Wbem;C:\Windows\System32\WindowsPowerShell\v1.0\;C:\Program Files\MySQL\MySQL Server 5.1\bin;C:\Program Files\Dell\DW WLAN Card;C:\Python27;C:\Python27\DLLs;C:\Python27\Scripts;C:\Python27\Lib\site-packages\vtk;C:\Python27\gnuplot\binary;C:\Program Files (x86)\pythonxy\SciTE-3.3.2-3;C:\Program Files (x86)\pythonxy\console;C:\Program Files (x86)\Git\cmd;E:\Program Files\MATLAB\R2011b\runtime\win64;E:\Program Files\MATLAB\R2011b\bin;C:\Program Files\nodejs\;C:\Program Files (x86)\Heroku\bin;C:\Program Files (x86)\git\cmd;C:\Program Files (x86)\Java\jdk1.6.0\bin;E:\PythonSetUp\;C:\Program Files\Java\jdk1.6.0_21\bin\;C:\Users\paddy\AppData\Roaming\npm;C:\Program Files\nodejs;E:\Android\adt-bundle-windows-x86_64-20131030\adt-bundle-windows-x86_64-20131030\sdk\tools
USERNAME=paddy
OS=Windows_NT
PROCESSOR_IDENTIFIER=Intel64 Family 6 Model 37 Stepping 5, GenuineIntel



---------------  S Y S T E M  ---------------

OS: Windows 7 Build 7601 Service Pack 1

CPU:total 4 (8 cores per cpu, 2 threads per core) family 6 model 37 stepping 5, cmov, cx8, fxsr, mmx, sse, sse2, sse3, ssse3, sse4.1, sse4.2, popcnt, ht

Memory: 4k page, physical 3988028k(1223780k free), swap 7974192k(3299720k free)

vm_info: Java HotSpot(TM) 64-Bit Server VM (17.0-b17) for windows-amd64 JRE (1.6.0_21-b07), built on Jul 17 2010 01:05:36 by "java_re" with MS VC++ 8.0 (VS2005)

time: Sat Nov 23 02:36:41 2013
elapsed time: 1548 seconds

