Nov 2, 2013 1:34:36 AM com.asu.mwdb.task1b.GaussianBands getGaussianBands
INFO: Finding out band ranges
Nov 2, 2013 1:35:08 AM com.asu.mwdb.task1b.NormalizeData NormalizeTask1Data
INFO: Starting normalization for Task 1
Nov 2, 2013 1:35:20 AM com.asu.mwdb.task1b.NormalizeData NormalizeTask1Data
INFO: Starting normalization for Task 1
Nov 2, 2013 1:35:31 AM com.asu.mwdb.task1b.NormalizeData NormalizeTask1Data
INFO: Starting normalization for Task 1
Nov 2, 2013 1:43:15 AM com.asu.mwdb.task1b.GaussianBands getGaussianBands
INFO: Finding out band ranges
Nov 2, 2013 1:43:53 AM com.asu.mwdb.task1b.NormalizeData NormalizeTask1Data
INFO: Starting normalization for Task 1
Nov 2, 2013 1:44:06 AM com.asu.mwdb.task1b.NormalizeData NormalizeTask1Data
INFO: Starting normalization for Task 1
Nov 2, 2013 1:44:14 AM com.asu.mwdb.task1b.NormalizeData NormalizeTask1Data
INFO: Starting normalization for Task 1
Nov 2, 2013 2:19:01 AM com.asu.mwdb.task1b.GaussianBands getGaussianBands
INFO: Finding out band ranges
Nov 2, 2013 2:20:11 AM com.asu.mwdb.task1b.NormalizeData NormalizeTask1Data
INFO: Starting normalization for Task 1
Nov 2, 2013 2:20:32 AM com.asu.mwdb.task1b.NormalizeData NormalizeTask1Data
INFO: Starting normalization for Task 1
Nov 2, 2013 2:20:41 AM com.asu.mwdb.task1b.NormalizeData NormalizeTask1Data
INFO: Starting normalization for Task 1
Nov 2, 2013 2:22:59 AM com.asu.mwdb.task1b.GaussianBands getGaussianBands
INFO: Finding out band ranges
Nov 2, 2013 2:23:38 AM com.asu.mwdb.task1b.NormalizeData NormalizeTask1Data
INFO: Starting normalization for Task 1
Nov 2, 2013 2:23:54 AM com.asu.mwdb.task1b.NormalizeData NormalizeTask1Data
INFO: Starting normalization for Task 1
Nov 2, 2013 2:24:03 AM com.asu.mwdb.task1b.NormalizeData NormalizeTask1Data
INFO: Starting normalization for Task 1
Nov 2, 2013 1:37:51 PM com.asu.mwdb.task1b.GaussianBands getGaussianBands
INFO: Finding out band ranges
Nov 2, 2013 1:38:47 PM com.asu.mwdb.task1b.NormalizeData NormalizeTask1Data
INFO: Starting normalization for Task 1
Nov 2, 2013 1:39:08 PM com.asu.mwdb.task1b.NormalizeData NormalizeTask1Data
INFO: Starting normalization for Task 1
Nov 2, 2013 1:39:19 PM com.asu.mwdb.task1b.NormalizeData NormalizeTask1Data
INFO: Starting normalization for Task 1
Nov 2, 2013 2:14:29 PM com.asu.mwdb.task1b.GaussianBands getGaussianBands
INFO: Finding out band ranges
Nov 2, 2013 2:15:10 PM com.asu.mwdb.task1b.NormalizeData NormalizeTask1Data
INFO: Starting normalization for Task 1
Nov 2, 2013 2:15:28 PM com.asu.mwdb.task1b.NormalizeData NormalizeTask1Data
INFO: Starting normalization for Task 1
Nov 2, 2013 2:15:36 PM com.asu.mwdb.task1b.NormalizeData NormalizeTask1Data
INFO: Starting normalization for Task 1
Nov 2, 2013 2:30:25 PM com.asu.mwdb.task1b.GaussianBands getGaussianBands
INFO: Finding out band ranges
Nov 2, 2013 2:30:59 PM com.asu.mwdb.task1b.NormalizeData NormalizeTask1Data
INFO: Starting normalization for Task 1
Nov 2, 2013 2:31:14 PM com.asu.mwdb.task1b.NormalizeData NormalizeTask1Data
INFO: Starting normalization for Task 1
Nov 2, 2013 2:31:25 PM com.asu.mwdb.task1b.NormalizeData NormalizeTask1Data
INFO: Starting normalization for Task 1
Nov 2, 2013 2:38:11 PM com.asu.mwdb.task1b.GaussianBands getGaussianBands
INFO: Finding out band ranges
Nov 2, 2013 2:38:53 PM com.asu.mwdb.task1b.GaussianBands getGaussianBands
INFO: Finding out band ranges
Nov 2, 2013 2:39:34 PM com.asu.mwdb.task1b.NormalizeData NormalizeTask1Data
INFO: Starting normalization for Task 1
Nov 2, 2013 2:39:49 PM com.asu.mwdb.task1b.NormalizeData NormalizeTask1Data
INFO: Starting normalization for Task 1
Nov 2, 2013 2:39:57 PM com.asu.mwdb.task1b.NormalizeData NormalizeTask1Data
INFO: Starting normalization for Task 1
Nov 2, 2013 2:52:15 PM com.asu.mwdb.task1b.GaussianBands getGaussianBands
INFO: Finding out band ranges
Nov 2, 2013 2:53:52 PM com.asu.mwdb.task1b.NormalizeData NormalizeTask1Data
INFO: Starting normalization for Task 1
Nov 2, 2013 2:54:05 PM com.asu.mwdb.task1b.NormalizeData NormalizeTask1Data
INFO: Starting normalization for Task 1
Nov 2, 2013 2:54:13 PM com.asu.mwdb.task1b.NormalizeData NormalizeTask1Data
INFO: Starting normalization for Task 1
Nov 2, 2013 3:06:48 PM com.asu.mwdb.task1b.GaussianBands getGaussianBands
INFO: Finding out band ranges
Nov 2, 2013 3:07:20 PM com.asu.mwdb.task1b.NormalizeData NormalizeTask1Data
INFO: Starting normalization for Task 1
Nov 2, 2013 3:07:31 PM com.asu.mwdb.task1b.NormalizeData NormalizeTask1Data
INFO: Starting normalization for Task 1
Nov 2, 2013 3:07:39 PM com.asu.mwdb.task1b.NormalizeData NormalizeTask1Data
INFO: Starting normalization for Task 1
