Sep 12, 2013 11:07:04 PM asu.edu.setup.SetupSystem <init>
INFO: Sample data Loc : C:/Users/Dwaraka/Desktop/Fall2013/MWDB/mwdbworkspace/mwdbproject/data/sampledata
Sep 12, 2013 11:07:04 PM asu.edu.setup.SetupSystem <init>
INFO: Normalize directory is not empty, deleting it.
Sep 13, 2013 9:08:27 PM asu.edu.setup.SetupSystem <init>
INFO: Sample data Loc : C:/Users/Dwaraka/Desktop/Fall2013/MWDB/mwdbworkspace/mwdbproject/data/sampledata
Sep 13, 2013 9:08:30 PM asu.edu.normalize.NormalizeData <init>
INFO: Starting Normalization
Sep 13, 2013 9:09:25 PM asu.edu.setup.SetupSystem <init>
INFO: Sample data Loc : C:/Users/Dwaraka/Desktop/Fall2013/MWDB/mwdbworkspace/mwdbproject/data/sampledata
Sep 13, 2013 9:09:25 PM asu.edu.normalize.NormalizeData <init>
INFO: Starting Normalization
Sep 13, 2013 9:11:16 PM asu.edu.setup.SetupSystem <init>
INFO: Sample data Loc : data/sampledata
Sep 13, 2013 9:11:16 PM asu.edu.normalize.NormalizeData <init>
INFO: Starting Normalization
Sep 13, 2013 9:28:37 PM asu.edu.setup.SetupSystem <init>
INFO: Sample data Loc : C://Users/paddy/workspacemwdb/mwdbproject/data/sampledata
Sep 13, 2013 9:28:37 PM asu.edu.setup.SetupSystem <init>
INFO: Normalize directory is not empty, deleting it.
Sep 13, 2013 9:28:37 PM asu.edu.normalize.NormalizeData <init>
INFO: Starting Normalization
Sep 13, 2013 9:29:00 PM asu.edu.normalize.NormalizeData <init>
INFO: Normalization Done !
Sep 13, 2013 9:29:04 PM master main
INFO: 0.3108434832206483
Sep 13, 2013 9:29:04 PM master main
INFO: 0.5762892028332064
Sep 13, 2013 9:29:04 PM master main
INFO: 0.7698606595565836
Sep 13, 2013 9:29:04 PM master main
INFO: 0.8904014166008841
Sep 13, 2013 9:29:04 PM master main
INFO: 0.9544997361036417
Sep 13, 2013 9:29:04 PM master main
INFO: 0.9836049281508078
Sep 13, 2013 9:29:04 PM master main
INFO: 0.9948897393391442
Sep 13, 2013 9:29:04 PM master main
INFO: 0.9986257241241683
Sep 13, 2013 9:29:04 PM master main
INFO: 0.9996817828196849
Sep 13, 2013 9:29:04 PM master main
INFO: 0.9999366575163338
Sep 14, 2013 1:46:55 PM asu.edu.setup.SetupSystem <init>
INFO: Sample data Loc : C://Users/paddy/workspacemwdb/mwdbproject/data/sampledata
Sep 14, 2013 1:46:55 PM asu.edu.utils.NormalizeData <init>
INFO: Starting Normalization
Sep 14, 2013 1:49:26 PM asu.edu.setup.SetupSystem <init>
INFO: Sample data Loc : C://Users/paddy/workspacemwdb/mwdbproject/data/sampledata
Sep 14, 2013 1:49:26 PM asu.edu.setup.SetupSystem <init>
INFO: Normalize directory is not empty, deleting it.
Sep 14, 2013 1:49:26 PM asu.edu.setup.SetupSystem <init>
INFO: Normalize directory is not empty, deleting it.
Sep 14, 2013 1:49:47 PM asu.edu.utils.NormalizeData <init>
INFO: Starting Normalization
Sep 14, 2013 1:50:53 PM asu.edu.setup.SetupSystem <init>
INFO: Sample data Loc : C://Users/paddy/workspacemwdb/mwdbproject/data/sampledata
Sep 14, 2013 1:50:53 PM asu.edu.setup.SetupSystem <init>
INFO: Normalize directory is not empty, deleting it.
Sep 14, 2013 1:50:53 PM asu.edu.setup.SetupSystem <init>
INFO: Normalize directory is not empty, deleting it.
Sep 14, 2013 1:50:53 PM asu.edu.utils.NormalizeData <init>
INFO: Starting Normalization
Sep 14, 2013 1:59:43 PM asu.edu.setup.SetupSystem <init>
INFO: Sample data Loc : C://Users/paddy/workspacemwdb/mwdbproject/data/sampledata
Sep 14, 2013 1:59:43 PM asu.edu.setup.SetupSystem <init>
INFO: Normalize directory is not empty, deleting it.
Sep 14, 2013 1:59:43 PM asu.edu.setup.SetupSystem <init>
INFO: Normalize directory is not empty, deleting it.
Sep 14, 2013 1:59:43 PM asu.edu.utils.NormalizeData <init>
INFO: Starting Normalization
Sep 14, 2013 2:02:05 PM asu.edu.setup.SetupSystem <init>
INFO: Sample data Loc : C://Users/paddy/workspacemwdb/mwdbproject/data/sampledata
Sep 14, 2013 2:02:05 PM asu.edu.setup.SetupSystem <init>
INFO: Normalize directory is not empty, deleting it.
Sep 14, 2013 2:02:05 PM asu.edu.setup.SetupSystem <init>
INFO: Normalize directory is not empty, deleting it.
Sep 14, 2013 2:02:06 PM asu.edu.utils.NormalizeData <init>
INFO: Starting Normalization
Sep 14, 2013 2:02:59 PM asu.edu.setup.SetupSystem <init>
INFO: Sample data Loc : C://Users/paddy/workspacemwdb/mwdbproject/data/sampledata
Sep 14, 2013 2:02:59 PM asu.edu.setup.SetupSystem <init>
INFO: Normalize directory is not empty, deleting it.
Sep 14, 2013 2:02:59 PM asu.edu.setup.SetupSystem <init>
INFO: Normalize directory is not empty, deleting it.
Sep 14, 2013 2:02:59 PM asu.edu.utils.NormalizeData <init>
INFO: Starting Normalization
Sep 14, 2013 2:04:04 PM asu.edu.setup.SetupSystem <init>
INFO: Sample data Loc : C://Users/paddy/workspacemwdb/mwdbproject/data/sampledata
Sep 14, 2013 2:04:04 PM asu.edu.setup.SetupSystem <init>
INFO: Normalize directory is not empty, deleting it.
Sep 14, 2013 2:04:04 PM asu.edu.setup.SetupSystem <init>
INFO: Normalize directory is not empty, deleting it.
Sep 14, 2013 2:04:04 PM asu.edu.utils.NormalizeData <init>
INFO: Starting Normalization
Sep 14, 2013 2:09:32 PM asu.edu.setup.SetupSystem <init>
INFO: Sample data Loc : C://Users/paddy/workspacemwdb/mwdbproject/data/sampledata
Sep 14, 2013 2:09:32 PM asu.edu.setup.SetupSystem <init>
INFO: Normalize directory is not empty, deleting it.
Sep 14, 2013 2:09:32 PM asu.edu.setup.SetupSystem <init>
INFO: Normalize directory is not empty, deleting it.
Sep 14, 2013 2:09:32 PM asu.edu.utils.NormalizeData <init>
INFO: Starting Normalization
Sep 14, 2013 2:10:58 PM asu.edu.setup.SetupSystem <init>
INFO: Sample data Loc : C://Users/paddy/workspacemwdb/mwdbproject/data/sampledata
Sep 14, 2013 2:10:58 PM asu.edu.setup.SetupSystem <init>
INFO: Normalize directory is not empty, deleting it.
Sep 14, 2013 2:10:58 PM asu.edu.setup.SetupSystem <init>
INFO: Normalize directory is not empty, deleting it.
Sep 14, 2013 2:10:58 PM asu.edu.utils.NormalizeData <init>
INFO: Starting Normalization
Sep 14, 2013 2:11:31 PM asu.edu.setup.SetupSystem <init>
INFO: Sample data Loc : C://Users/paddy/workspacemwdb/mwdbproject/data/sampledata
Sep 14, 2013 2:11:31 PM asu.edu.setup.SetupSystem <init>
INFO: Normalize directory is not empty, deleting it.
Sep 14, 2013 2:11:31 PM asu.edu.setup.SetupSystem <init>
INFO: Normalize directory is not empty, deleting it.
Sep 14, 2013 2:11:32 PM asu.edu.utils.NormalizeData <init>
INFO: Starting Normalization
Sep 14, 2013 2:11:53 PM asu.edu.utils.NormalizeData <init>
INFO: Normalization Done !
Sep 14, 2013 2:11:54 PM asu.edu.utils.LetterRange assignToGaussianCurve
INFO: Started to get letters
Sep 14, 2013 2:12:31 PM asu.edu.utils.LetterRange assignToGaussianCurve
INFO: Done with W angle ...
Sep 14, 2013 2:13:08 PM asu.edu.utils.LetterRange assignToGaussianCurve
INFO: Done with X angle ...
Sep 14, 2013 2:13:40 PM asu.edu.utils.LetterRange assignToGaussianCurve
INFO: Done with Y angle ...
Sep 14, 2013 2:14:07 PM asu.edu.utils.LetterRange assignToGaussianCurve
INFO: Done with Z angle ...
Sep 14, 2013 2:14:07 PM asu.edu.utils.LetterRange assignToGaussianCurve
INFO: Letter assignment Done!
Sep 14, 2013 2:15:08 PM asu.edu.setup.SetupSystem <init>
INFO: Sample data Loc : C://Users/paddy/workspacemwdb/mwdbproject/data/sampledata
Sep 14, 2013 2:15:08 PM asu.edu.setup.SetupSystem <init>
INFO: Normalize directory is not empty, deleting it.
Sep 14, 2013 2:15:11 PM asu.edu.setup.SetupSystem <init>
INFO: Normalize directory is not empty, deleting it.
Sep 14, 2013 2:15:15 PM asu.edu.utils.NormalizeData <init>
INFO: Starting Normalization
Sep 14, 2013 2:15:25 PM asu.edu.utils.NormalizeData <init>
INFO: Normalization Done !
Sep 14, 2013 2:15:53 PM asu.edu.utils.LetterRange assignToGaussianCurve
INFO:  Done with W folder ...
Sep 14, 2013 2:16:26 PM asu.edu.utils.LetterRange assignToGaussianCurve
INFO:  Done with X folder ...
Sep 14, 2013 2:16:55 PM asu.edu.utils.LetterRange assignToGaussianCurve
INFO:  Done with Y folder ...
Sep 14, 2013 2:17:30 PM asu.edu.utils.LetterRange assignToGaussianCurve
INFO:  Done with Z folder ...
Sep 14, 2013 5:44:36 PM asu.edu.setup.SetupSystem <init>
INFO: Sample data Loc : C://Users/paddy/workspacemwdb/mwdbproject/data/sampledata
Sep 14, 2013 5:44:36 PM asu.edu.setup.SetupSystem <init>
INFO: Normalize directory is not empty, deleting it.
Sep 14, 2013 5:44:41 PM asu.edu.setup.SetupSystem <init>
INFO: Normalize directory is not empty, deleting it.
Sep 14, 2013 5:44:46 PM asu.edu.setup.SetupSystem <init>
INFO: Normalize directory is not empty, deleting it.
Sep 14, 2013 5:44:50 PM asu.edu.setup.SetupSystem <init>
INFO: Normalize directory is not empty, deleting it.
Sep 14, 2013 5:45:00 PM asu.edu.utils.NormalizeData <init>
INFO: Starting Normalization
Sep 14, 2013 5:45:19 PM asu.edu.utils.NormalizeData <init>
INFO: Normalization Done !
Sep 14, 2013 5:45:52 PM asu.edu.utils.LetterRange assignToGaussianCurve
INFO:  Done with W folder ...
Sep 14, 2013 5:46:24 PM asu.edu.utils.LetterRange assignToGaussianCurve
INFO:  Done with X folder ...
Sep 14, 2013 5:46:52 PM asu.edu.utils.LetterRange assignToGaussianCurve
INFO:  Done with Y folder ...
Sep 14, 2013 5:47:17 PM asu.edu.utils.LetterRange assignToGaussianCurve
INFO:  Done with Z folder ...
Sep 14, 2013 5:48:48 PM asu.edu.math.ConstructGestureWords getAllGestureFile
INFO: Gesture files ready with W angle
Sep 14, 2013 5:50:45 PM asu.edu.math.ConstructGestureWords getAllGestureFile
INFO: Gesture files ready with X axis
Sep 14, 2013 5:53:32 PM asu.edu.math.ConstructGestureWords getAllGestureFile
INFO: Gesture files ready with Y axis
Sep 14, 2013 5:57:00 PM asu.edu.math.ConstructGestureWords getAllGestureFile
INFO: Gesture files ready with Z axis
Sep 15, 2013 3:24:13 PM asu.edu.setup.SetupSystem <init>
INFO: Sample data Loc : C://Users/paddy/workspacemwdb/mwdbproject/data/sampledata
Sep 15, 2013 3:24:13 PM asu.edu.setup.SetupSystem <init>
INFO: Normalize directory is not empty, deleting it.
Sep 15, 2013 3:24:25 PM asu.edu.setup.SetupSystem <init>
INFO: Normalize directory is not empty, deleting it.
Sep 15, 2013 3:24:38 PM asu.edu.setup.SetupSystem <init>
INFO: Normalize directory is not empty, deleting it.
Sep 15, 2013 3:24:45 PM asu.edu.setup.SetupSystem <init>
INFO: Normalize directory is not empty, deleting it.
Sep 15, 2013 3:25:02 PM asu.edu.setup.SetupSystem <init>
INFO: Normalize directory is not empty, deleting it.
Sep 15, 2013 3:25:24 PM asu.edu.utils.NormalizeData <init>
INFO: Starting Normalization
Sep 15, 2013 3:26:00 PM asu.edu.utils.NormalizeData <init>
INFO: Normalization Done !
Sep 15, 2013 3:26:38 PM asu.edu.utils.LetterRange assignToGaussianCurve
INFO:  Done with W folder ...
Sep 15, 2013 3:27:12 PM asu.edu.utils.LetterRange assignToGaussianCurve
INFO:  Done with X folder ...
Sep 15, 2013 3:27:48 PM asu.edu.utils.LetterRange assignToGaussianCurve
INFO:  Done with Y folder ...
Sep 15, 2013 3:28:24 PM asu.edu.utils.LetterRange assignToGaussianCurve
INFO:  Done with Z folder ...
Sep 19, 2013 7:24:20 PM asu.edu.math.Task3FindSimilarData <init>
INFO: Top 10 TF Matching series
Sep 19, 2013 7:24:20 PM asu.edu.math.Task3FindSimilarData <init>
INFO: Top 10 TFIDF Matching series
Sep 19, 2013 7:24:20 PM asu.edu.math.Task3FindSimilarData <init>
INFO: Top 10 TFIDF2 Matching series
Sep 19, 2013 7:39:50 PM asu.edu.math.Task3FindSimilarData <init>
INFO: Top 10 TF Matching series
Sep 19, 2013 7:39:50 PM asu.edu.math.Task3FindSimilarData <init>
INFO: Top 10 TFIDF Matching series
Sep 19, 2013 7:39:50 PM asu.edu.math.Task3FindSimilarData <init>
INFO: Top 10 TFIDF2 Matching series
Sep 19, 2013 7:39:58 PM asu.edu.math.Task3FindSimilarData <init>
INFO: Top 10 TF Matching series
Sep 19, 2013 7:39:58 PM asu.edu.math.Task3FindSimilarData <init>
INFO: Top 10 TFIDF Matching series
Sep 19, 2013 7:39:58 PM asu.edu.math.Task3FindSimilarData <init>
INFO: Top 10 TFIDF2 Matching series
Sep 19, 2013 7:46:41 PM asu.edu.math.Task3FindSimilarData <init>
INFO: Top 10 TF Matching series
Sep 19, 2013 7:46:41 PM asu.edu.math.Task3FindSimilarData <init>
INFO: Top 10 TFIDF Matching series
Sep 19, 2013 7:46:41 PM asu.edu.math.Task3FindSimilarData <init>
INFO: Top 10 TFIDF2 Matching series
Sep 19, 2013 7:50:35 PM asu.edu.math.Task3FindSimilarData <init>
INFO: Top 10 TF Matching series
Sep 19, 2013 7:50:36 PM asu.edu.math.Task3FindSimilarData <init>
INFO: Top 10 TFIDF Matching series
Sep 19, 2013 7:50:36 PM asu.edu.math.Task3FindSimilarData <init>
INFO: Top 10 TFIDF2 Matching series
Sep 19, 2013 8:01:00 PM asu.edu.math.Task3FindSimilarData <init>
INFO: Top 10 TF Matching series
Sep 19, 2013 8:01:00 PM asu.edu.math.Task3FindSimilarData <init>
INFO: Top 10 TFIDF Matching series
Sep 19, 2013 8:01:00 PM asu.edu.math.Task3FindSimilarData <init>
INFO: Top 10 TFIDF2 Matching series
Sep 19, 2013 8:03:34 PM asu.edu.math.Task3FindSimilarData <init>
INFO: Top 10 TF Matching series
Sep 19, 2013 8:03:34 PM asu.edu.math.Task3FindSimilarData <init>
INFO: Top 10 TFIDF Matching series
Sep 19, 2013 8:03:34 PM asu.edu.math.Task3FindSimilarData <init>
INFO: Top 10 TFIDF2 Matching series
Sep 19, 2013 8:05:44 PM asu.edu.math.Task3FindSimilarData <init>
INFO: Top 10 TF Matching series
Sep 19, 2013 8:05:44 PM asu.edu.math.Task3FindSimilarData <init>
INFO: Top 10 TFIDF Matching series
Sep 19, 2013 8:05:44 PM asu.edu.math.Task3FindSimilarData <init>
INFO: Top 10 TFIDF2 Matching series
Sep 19, 2013 8:08:30 PM asu.edu.math.Task3FindSimilarData <init>
INFO: Top 10 TF Matching series
Sep 19, 2013 8:08:30 PM asu.edu.math.Task3FindSimilarData <init>
INFO: Top 10 TFIDF Matching series
Sep 19, 2013 8:08:30 PM asu.edu.math.Task3FindSimilarData <init>
INFO: Top 10 TFIDF2 Matching series
Sep 20, 2013 12:54:08 AM asu.edu.math.Task3FindSimilarData <init>
INFO: Top 10 TF Matching series
Sep 20, 2013 12:54:08 AM asu.edu.math.Task3FindSimilarData <init>
INFO: Top 10 TFIDF Matching series
Sep 20, 2013 12:54:08 AM asu.edu.math.Task3FindSimilarData <init>
INFO: Top 10 TFIDF2 Matching series
Sep 20, 2013 1:02:05 AM asu.edu.setup.SetupSystem <init>
INFO: Sample data Loc : C://Users/paddy/workspacemwdb/mwdbproject/data/sampledata
Sep 20, 2013 1:02:05 AM asu.edu.setup.SetupSystem <init>
INFO: Normalize directory is not empty, deleting it.
Sep 20, 2013 1:02:24 AM asu.edu.setup.SetupSystem <init>
INFO: Normalize directory is not empty, deleting it.
Sep 20, 2013 1:02:31 AM asu.edu.setup.SetupSystem <init>
INFO: Task1 directory is not empty, deleting it.
Sep 20, 2013 1:02:31 AM asu.edu.setup.SetupSystem <init>
INFO: Task2 directory is not empty, deleting it.
Sep 20, 2013 1:02:31 AM asu.edu.utils.NormalizeData <init>
INFO: Starting Normalization
Sep 20, 2013 1:02:51 AM asu.edu.utils.NormalizeData <init>
INFO: Normalization Done !
Sep 20, 2013 1:02:54 AM asu.edu.utils.LetterRange assignToGaussianCurve
INFO:  Done with W folder ...
Sep 20, 2013 1:02:56 AM asu.edu.utils.LetterRange assignToGaussianCurve
INFO:  Done with X folder ...
Sep 20, 2013 1:02:57 AM asu.edu.utils.LetterRange assignToGaussianCurve
INFO:  Done with Y folder ...
Sep 20, 2013 1:02:59 AM asu.edu.utils.LetterRange assignToGaussianCurve
INFO:  Done with Z folder ...
Sep 20, 2013 1:03:02 AM asu.edu.math.ConstructGestureWords getAllGestureFile
INFO: Gesture files ready with W angle
Sep 20, 2013 1:03:05 AM asu.edu.math.ConstructGestureWords getAllGestureFile
INFO: Gesture files ready with X axis
Sep 20, 2013 1:03:09 AM asu.edu.math.ConstructGestureWords getAllGestureFile
INFO: Gesture files ready with Y axis
Sep 20, 2013 1:03:12 AM asu.edu.math.ConstructGestureWords getAllGestureFile
INFO: Gesture files ready with Z axis
Sep 20, 2013 2:56:10 PM asu.edu.math.Task3FindSimilarData <init>
INFO: Top 10 TF Matching series
Sep 20, 2013 2:56:10 PM asu.edu.math.Task3FindSimilarData <init>
INFO: Top 10 TFIDF Matching series
Sep 20, 2013 2:56:10 PM asu.edu.math.Task3FindSimilarData <init>
INFO: Top 10 TFIDF2 Matching series
Sep 20, 2013 10:06:17 PM asu.edu.math.Task3FindSimilarData <init>
INFO: Top 10 TF Matching series
Sep 20, 2013 10:06:17 PM asu.edu.math.Task3FindSimilarData <init>
INFO: Top 10 TFIDF Matching series
Sep 20, 2013 10:06:17 PM asu.edu.math.Task3FindSimilarData <init>
INFO: Top 10 TFIDF2 Matching series
Sep 21, 2013 5:52:12 PM asu.edu.setup.SetupSystem <init>
INFO: Sample data Loc : null
Sep 21, 2013 5:52:13 PM asu.edu.utils.NormalizeData <init>
INFO: Starting Normalization
Sep 21, 2013 5:56:10 PM asu.edu.setup.SetupSystem <init>
INFO: Sample data Loc : null
Sep 21, 2013 5:56:10 PM asu.edu.utils.NormalizeData <init>
INFO: Starting Normalization
Sep 21, 2013 6:24:12 PM asu.edu.setup.SetupSystem <init>
INFO: Sample data Loc : null
Sep 21, 2013 6:24:12 PM asu.edu.utils.NormalizeData <init>
INFO: Starting Normalization
Sep 21, 2013 6:30:34 PM asu.edu.setup.SetupSystem <init>
INFO: Sample data Loc : null
Sep 21, 2013 6:31:57 PM asu.edu.utils.NormalizeData <init>
INFO: Starting Normalization
Sep 21, 2013 6:36:15 PM asu.edu.setup.SetupSystem <init>
INFO: Sample data Loc : null
Sep 21, 2013 6:41:09 PM asu.edu.setup.SetupSystem <init>
INFO: Sample data Loc : C:\Users\paddy\Desktop\data\sampledata
Sep 21, 2013 6:41:09 PM asu.edu.utils.NormalizeData <init>
INFO: Starting Normalization
Sep 21, 2013 6:41:21 PM asu.edu.utils.NormalizeData <init>
INFO: Normalization Done !
Sep 21, 2013 6:41:23 PM asu.edu.utils.LetterRange assignToGaussianCurve
INFO:  Done with W folder ...
Sep 21, 2013 6:41:25 PM asu.edu.utils.LetterRange assignToGaussianCurve
INFO:  Done with X folder ...
Sep 21, 2013 6:41:27 PM asu.edu.utils.LetterRange assignToGaussianCurve
INFO:  Done with Y folder ...
Sep 21, 2013 6:41:28 PM asu.edu.utils.LetterRange assignToGaussianCurve
INFO:  Done with Z folder ...
Sep 21, 2013 6:52:17 PM asu.edu.setup.SetupSystem <init>
INFO: Sample data Loc : C:\Users\paddy\Desktop\data\sampledata
Sep 21, 2013 6:52:17 PM asu.edu.utils.NormalizeData <init>
INFO: Starting Normalization
Sep 21, 2013 6:52:30 PM asu.edu.utils.NormalizeData <init>
INFO: Normalization Done !
Sep 21, 2013 6:52:32 PM asu.edu.utils.LetterRange assignToGaussianCurve
INFO:  Done with W folder ...
Sep 21, 2013 6:52:34 PM asu.edu.utils.LetterRange assignToGaussianCurve
INFO:  Done with X folder ...
Sep 21, 2013 6:52:35 PM asu.edu.utils.LetterRange assignToGaussianCurve
INFO:  Done with Y folder ...
Sep 21, 2013 6:52:37 PM asu.edu.utils.LetterRange assignToGaussianCurve
INFO:  Done with Z folder ...
Sep 21, 2013 7:10:08 PM asu.edu.setup.SetupSystem <init>
INFO: Sample data Loc : C:\Users\paddy\Desktop\data\sampledata
Sep 21, 2013 7:10:08 PM asu.edu.setup.SetupSystem <init>
INFO: Normalize directory is not empty, deleting it.
Sep 21, 2013 7:10:12 PM asu.edu.setup.SetupSystem <init>
INFO: Normalize directory is not empty, deleting it.
Sep 21, 2013 7:10:17 PM asu.edu.setup.SetupSystem <init>
INFO: Task1 directory is not empty, deleting it.
Sep 21, 2013 7:10:17 PM asu.edu.setup.SetupSystem <init>
INFO: Task2 directory is not empty, deleting it.
Sep 21, 2013 7:10:17 PM asu.edu.utils.NormalizeData <init>
INFO: Starting Normalization
Sep 21, 2013 7:10:27 PM asu.edu.utils.NormalizeData <init>
INFO: Normalization Done !
Sep 21, 2013 7:10:29 PM asu.edu.utils.LetterRange assignToGaussianCurve
INFO:  Done with W folder ...
Sep 21, 2013 7:10:31 PM asu.edu.utils.LetterRange assignToGaussianCurve
INFO:  Done with X folder ...
Sep 21, 2013 7:10:32 PM asu.edu.utils.LetterRange assignToGaussianCurve
INFO:  Done with Y folder ...
Sep 21, 2013 7:10:34 PM asu.edu.utils.LetterRange assignToGaussianCurve
INFO:  Done with Z folder ...
Sep 21, 2013 8:16:39 PM asu.edu.setup.SetupSystem <init>
INFO: Sample data Loc : C:\Users\paddy\Desktop\data\sampledata
Sep 21, 2013 8:16:39 PM asu.edu.setup.SetupSystem <init>
INFO: Normalize directory is not empty, deleting it.
Sep 21, 2013 8:16:42 PM asu.edu.setup.SetupSystem <init>
INFO: Normalize directory is not empty, deleting it.
Sep 21, 2013 8:16:49 PM asu.edu.setup.SetupSystem <init>
INFO: Task1 directory is not empty, deleting it.
Sep 21, 2013 8:16:49 PM asu.edu.setup.SetupSystem <init>
INFO: Task2 directory is not empty, deleting it.
Sep 21, 2013 8:16:49 PM asu.edu.utils.NormalizeData <init>
INFO: Starting Normalization
Sep 21, 2013 8:17:00 PM asu.edu.utils.NormalizeData <init>
INFO: Normalization Done !
Sep 21, 2013 8:17:02 PM asu.edu.utils.LetterRange assignToGaussianCurve
INFO:  Done with W folder ...
Sep 21, 2013 8:17:03 PM asu.edu.utils.LetterRange assignToGaussianCurve
INFO:  Done with X folder ...
Sep 21, 2013 8:17:05 PM asu.edu.utils.LetterRange assignToGaussianCurve
INFO:  Done with Y folder ...
Sep 21, 2013 8:17:06 PM asu.edu.utils.LetterRange assignToGaussianCurve
INFO:  Done with Z folder ...
Sep 21, 2013 8:45:23 PM asu.edu.setup.SetupSystem <init>
INFO: Sample data Loc : C:\Users\paddy\Desktop\data\sampledata
Sep 21, 2013 8:45:23 PM asu.edu.setup.SetupSystem <init>
INFO: Normalize directory is not empty, deleting it.
Sep 21, 2013 8:45:26 PM asu.edu.setup.SetupSystem <init>
INFO: Normalize directory is not empty, deleting it.
Sep 21, 2013 8:45:33 PM asu.edu.setup.SetupSystem <init>
INFO: Task1 directory is not empty, deleting it.
Sep 21, 2013 8:45:33 PM asu.edu.setup.SetupSystem <init>
INFO: Task2 directory is not empty, deleting it.
Sep 21, 2013 8:45:33 PM asu.edu.utils.NormalizeData <init>
INFO: Starting Normalization
Sep 21, 2013 8:45:44 PM asu.edu.utils.NormalizeData <init>
INFO: Normalization Done !
Sep 21, 2013 8:45:48 PM asu.edu.utils.LetterRange assignToGaussianCurve
INFO:  Done with W folder ...
Sep 21, 2013 8:45:51 PM asu.edu.utils.LetterRange assignToGaussianCurve
INFO:  Done with X folder ...
Sep 21, 2013 8:45:53 PM asu.edu.utils.LetterRange assignToGaussianCurve
INFO:  Done with Y folder ...
Sep 21, 2013 8:45:54 PM asu.edu.utils.LetterRange assignToGaussianCurve
INFO:  Done with Z folder ...
Sep 21, 2013 8:49:13 PM asu.edu.setup.SetupSystem <init>
INFO: Sample data Loc : C:\Users\paddy\Desktop\data\sampledata
Sep 21, 2013 8:49:13 PM asu.edu.setup.SetupSystem <init>
INFO: Normalize directory is not empty, deleting it.
Sep 21, 2013 8:49:17 PM asu.edu.setup.SetupSystem <init>
INFO: Normalize directory is not empty, deleting it.
Sep 21, 2013 8:49:21 PM asu.edu.setup.SetupSystem <init>
INFO: Task1 directory is not empty, deleting it.
Sep 21, 2013 8:49:21 PM asu.edu.setup.SetupSystem <init>
INFO: Task2 directory is not empty, deleting it.
Sep 21, 2013 8:49:21 PM asu.edu.utils.NormalizeData <init>
INFO: Starting Normalization
Sep 21, 2013 8:49:30 PM asu.edu.utils.NormalizeData <init>
INFO: Normalization Done !
Sep 21, 2013 8:49:33 PM asu.edu.utils.LetterRange assignToGaussianCurve
INFO:  Done with W folder ...
Sep 21, 2013 8:49:35 PM asu.edu.utils.LetterRange assignToGaussianCurve
INFO:  Done with X folder ...
Sep 21, 2013 8:49:37 PM asu.edu.utils.LetterRange assignToGaussianCurve
INFO:  Done with Y folder ...
Sep 21, 2013 8:49:38 PM asu.edu.utils.LetterRange assignToGaussianCurve
INFO:  Done with Z folder ...
Sep 21, 2013 8:52:11 PM asu.edu.setup.SetupSystem <init>
INFO: Sample data Loc : C:\Users\paddy\Desktop\data\sampledata
Sep 21, 2013 8:52:11 PM asu.edu.setup.SetupSystem <init>
INFO: Normalize directory is not empty, deleting it.
Sep 21, 2013 8:52:14 PM asu.edu.setup.SetupSystem <init>
INFO: Normalize directory is not empty, deleting it.
Sep 21, 2013 8:52:19 PM asu.edu.setup.SetupSystem <init>
INFO: Task1 directory is not empty, deleting it.
Sep 21, 2013 8:52:19 PM asu.edu.setup.SetupSystem <init>
INFO: Task2 directory is not empty, deleting it.
Sep 21, 2013 8:52:19 PM asu.edu.utils.NormalizeData <init>
INFO: Starting Normalization
Sep 21, 2013 8:52:29 PM asu.edu.utils.NormalizeData <init>
INFO: Normalization Done !
Sep 21, 2013 8:52:30 PM asu.edu.utils.LetterRange assignToGaussianCurve
INFO:  Done with W folder ...
Sep 21, 2013 8:52:34 PM asu.edu.utils.LetterRange assignToGaussianCurve
INFO:  Done with X folder ...
Sep 21, 2013 8:52:36 PM asu.edu.utils.LetterRange assignToGaussianCurve
INFO:  Done with Y folder ...
Sep 21, 2013 8:52:37 PM asu.edu.utils.LetterRange assignToGaussianCurve
INFO:  Done with Z folder ...
Sep 21, 2013 8:55:32 PM asu.edu.setup.SetupSystem <init>
INFO: Sample data Loc : C:\Users\paddy\Desktop\data\sampledata
Sep 21, 2013 8:55:32 PM asu.edu.setup.SetupSystem <init>
INFO: Normalize directory is not empty, deleting it.
Sep 21, 2013 8:55:35 PM asu.edu.setup.SetupSystem <init>
INFO: Normalize directory is not empty, deleting it.
Sep 21, 2013 8:55:40 PM asu.edu.setup.SetupSystem <init>
INFO: Task1 directory is not empty, deleting it.
Sep 21, 2013 8:55:40 PM asu.edu.setup.SetupSystem <init>
INFO: Task2 directory is not empty, deleting it.
Sep 21, 2013 8:55:40 PM asu.edu.utils.NormalizeData <init>
INFO: Starting Normalization
Sep 21, 2013 8:55:50 PM asu.edu.utils.NormalizeData <init>
INFO: Normalization Done !
Sep 21, 2013 8:55:52 PM asu.edu.utils.LetterRange assignToGaussianCurve
INFO:  Done with W folder ...
Sep 21, 2013 8:55:53 PM asu.edu.utils.LetterRange assignToGaussianCurve
INFO:  Done with X folder ...
Sep 21, 2013 8:55:55 PM asu.edu.utils.LetterRange assignToGaussianCurve
INFO:  Done with Y folder ...
Sep 21, 2013 8:55:56 PM asu.edu.utils.LetterRange assignToGaussianCurve
INFO:  Done with Z folder ...
Sep 21, 2013 9:07:37 PM asu.edu.setup.SetupSystem <init>
INFO: Sample data Loc : C:\Users\paddy\Desktop\data\sampledata
Sep 21, 2013 9:07:37 PM asu.edu.setup.SetupSystem <init>
INFO: Normalize directory is not empty, deleting it.
Sep 21, 2013 9:07:40 PM asu.edu.setup.SetupSystem <init>
INFO: Normalize directory is not empty, deleting it.
Sep 21, 2013 9:07:45 PM asu.edu.setup.SetupSystem <init>
INFO: Task1 directory is not empty, deleting it.
Sep 21, 2013 9:07:45 PM asu.edu.setup.SetupSystem <init>
INFO: Task2 directory is not empty, deleting it.
Sep 21, 2013 9:07:46 PM asu.edu.utils.NormalizeData <init>
INFO: Starting Normalization
Sep 21, 2013 9:07:56 PM asu.edu.utils.NormalizeData <init>
INFO: Normalization Done !
Sep 21, 2013 9:07:58 PM asu.edu.utils.LetterRange assignToGaussianCurve
INFO:  Done with W folder ...
Sep 21, 2013 9:08:00 PM asu.edu.utils.LetterRange assignToGaussianCurve
INFO:  Done with X folder ...
Sep 21, 2013 9:08:02 PM asu.edu.utils.LetterRange assignToGaussianCurve
INFO:  Done with Y folder ...
Sep 21, 2013 9:08:03 PM asu.edu.utils.LetterRange assignToGaussianCurve
INFO:  Done with Z folder ...
Sep 21, 2013 9:12:14 PM asu.edu.setup.SetupSystem <init>
INFO: Sample data Loc : C:\Users\paddy\Desktop\data\sampledata
Sep 21, 2013 9:12:14 PM asu.edu.setup.SetupSystem <init>
INFO: Normalize directory is not empty, deleting it.
Sep 21, 2013 9:12:17 PM asu.edu.setup.SetupSystem <init>
INFO: Normalize directory is not empty, deleting it.
Sep 21, 2013 9:12:24 PM asu.edu.setup.SetupSystem <init>
INFO: Task1 directory is not empty, deleting it.
Sep 21, 2013 9:12:24 PM asu.edu.setup.SetupSystem <init>
INFO: Task2 directory is not empty, deleting it.
Sep 21, 2013 9:12:24 PM asu.edu.utils.NormalizeData <init>
INFO: Starting Normalization
Sep 21, 2013 9:12:36 PM asu.edu.utils.NormalizeData <init>
INFO: Normalization Done !
Sep 21, 2013 9:12:38 PM asu.edu.utils.LetterRange assignToGaussianCurve
INFO:  Done with W folder ...
Sep 21, 2013 9:12:39 PM asu.edu.utils.LetterRange assignToGaussianCurve
INFO:  Done with X folder ...
Sep 21, 2013 9:12:41 PM asu.edu.utils.LetterRange assignToGaussianCurve
INFO:  Done with Y folder ...
Sep 21, 2013 9:12:42 PM asu.edu.utils.LetterRange assignToGaussianCurve
INFO:  Done with Z folder ...
Sep 21, 2013 11:22:49 PM asu.edu.setup.SetupSystem <init>
INFO: Sample data Loc : C:\Users\paddy\Desktop\data\sampledata
Sep 21, 2013 11:22:50 PM asu.edu.setup.SetupSystem <init>
INFO: Normalize directory is not empty, deleting it.
Sep 21, 2013 11:22:57 PM asu.edu.setup.SetupSystem <init>
INFO: Normalize directory is not empty, deleting it.
Sep 21, 2013 11:23:06 PM asu.edu.setup.SetupSystem <init>
INFO: Task1 directory is not empty, deleting it.
Sep 21, 2013 11:23:06 PM asu.edu.setup.SetupSystem <init>
INFO: Task2 directory is not empty, deleting it.
Sep 21, 2013 11:23:06 PM asu.edu.utils.NormalizeData <init>
INFO: Starting Normalization
Sep 21, 2013 11:23:21 PM asu.edu.utils.NormalizeData <init>
INFO: Normalization Done !
Sep 21, 2013 11:23:22 PM asu.edu.utils.LetterRange assignToGaussianCurve
INFO:  Done with W folder ...
Sep 21, 2013 11:23:23 PM asu.edu.utils.LetterRange assignToGaussianCurve
INFO:  Done with X folder ...
Sep 21, 2013 11:23:26 PM asu.edu.utils.LetterRange assignToGaussianCurve
INFO:  Done with Y folder ...
Sep 21, 2013 11:23:27 PM asu.edu.utils.LetterRange assignToGaussianCurve
INFO:  Done with Z folder ...
